2024-09-16 15:57:23 - INFO - HTTP Request: POST http://localhost:8080/api/auth/register "HTTP/1.1 201 Created"
2024-09-16 16:00:20 - INFO - HTTP Request: POST http://localhost:8080/api/auth/register "HTTP/1.1 400 Bad Request"
2024-09-16 16:00:47 - INFO - HTTP Request: POST http://localhost:8080/api/auth/register "HTTP/1.1 400 Bad Request"
2024-09-16 16:04:14 - INFO - HTTP Request: POST http://localhost:8080/api/auth/register "HTTP/1.1 201 Created"
2024-09-16 16:07:54 - INFO - HTTP Request: POST http://localhost:8080/api/auth/register "HTTP/1.1 201 Created"
2024-09-16 16:08:58 - INFO - HTTP Request: POST http://localhost:8080/api/auth/register "HTTP/1.1 201 Created"
2024-09-16 16:13:42 - INFO - HTTP Request: POST http://localhost:8080/api/auth/register "HTTP/1.1 400 Bad Request"
2024-09-16 16:13:42 - INFO - HTTP Request: POST http://localhost:8080/api/auth/register "HTTP/1.1 400 Bad Request"
2024-09-16 16:13:42 - INFO - HTTP Request: POST http://localhost:8080/api/auth/register "HTTP/1.1 400 Bad Request"
2024-09-16 16:19:44 - INFO - HTTP Request: POST http://localhost:8080/api/auth/register "HTTP/1.1 201 Created"
2024-09-16 16:19:44 - INFO - HTTP Request: POST http://localhost:8080/api/auth/register "HTTP/1.1 400 Bad Request"
2024-09-16 16:19:44 - INFO - HTTP Request: POST http://localhost:8080/api/auth/register "HTTP/1.1 400 Bad Request"
2024-09-16 16:41:11 - INFO - HTTP Request: POST http://localhost:8080/api/auth/jwt/login "HTTP/1.1 400 Bad Request"
2024-09-16 16:41:12 - INFO - HTTP Request: POST http://localhost:8080/api/auth/register "HTTP/1.1 201 Created"
2024-09-16 16:41:12 - INFO - HTTP Request: POST http://localhost:8080/api/auth/register "HTTP/1.1 400 Bad Request"
2024-09-16 16:41:12 - INFO - HTTP Request: POST http://localhost:8080/api/auth/register "HTTP/1.1 400 Bad Request"
2024-09-16 16:44:16 - INFO - HTTP Request: POST http://localhost:8080/api/auth/register "HTTP/1.1 201 Created"
2024-09-16 16:44:16 - INFO - HTTP Request: POST http://localhost:8080/api/auth/register "HTTP/1.1 400 Bad Request"
2024-09-16 16:44:16 - INFO - HTTP Request: POST http://localhost:8080/api/auth/register "HTTP/1.1 400 Bad Request"
2024-09-16 16:44:16 - INFO - HTTP Request: POST http://localhost:8080/api/auth/jwt/login "HTTP/1.1 204 No Content"
2024-09-16 16:46:07 - INFO - HTTP Request: POST http://localhost:8080/api/auth/jwt/login "HTTP/1.1 204 No Content"
2024-09-16 16:48:09 - INFO - HTTP Request: POST http://localhost:8080/api/auth/jwt/login "HTTP/1.1 204 No Content"
2024-09-16 17:12:47 - INFO - HTTP Request: POST http://localhost:8080/api/auth/jwt/login "HTTP/1.1 204 No Content"
2024-09-16 17:12:47 - INFO - HTTP Request: POST http://localhost:8080/api/auth/register "HTTP/1.1 422 Unprocessable Entity"
2024-09-16 17:12:47 - INFO - HTTP Request: POST http://localhost:8080/api/auth/register "HTTP/1.1 400 Bad Request"
2024-09-16 17:13:28 - INFO - HTTP Request: POST http://localhost:8080/api/auth/jwt/login "HTTP/1.1 204 No Content"
2024-09-16 17:13:28 - INFO - HTTP Request: POST http://localhost:8080/api/auth/register "HTTP/1.1 422 Unprocessable Entity"
2024-09-16 17:13:28 - INFO - HTTP Request: POST http://localhost:8080/api/auth/register "HTTP/1.1 400 Bad Request"
2024-09-16 17:13:35 - INFO - HTTP Request: POST http://localhost:8080/api/auth/jwt/login "HTTP/1.1 204 No Content"
2024-09-16 17:13:35 - INFO - HTTP Request: POST http://localhost:8080/api/auth/register "HTTP/1.1 422 Unprocessable Entity"
2024-09-16 17:13:35 - INFO - HTTP Request: POST http://localhost:8080/api/auth/register "HTTP/1.1 400 Bad Request"
2024-09-16 17:13:41 - INFO - HTTP Request: POST http://localhost:8080/api/auth/jwt/login "HTTP/1.1 204 No Content"
2024-09-16 17:13:41 - INFO - HTTP Request: POST http://localhost:8080/api/auth/register "HTTP/1.1 422 Unprocessable Entity"
2024-09-16 17:13:41 - INFO - HTTP Request: POST http://localhost:8080/api/auth/register "HTTP/1.1 400 Bad Request"
2024-09-16 17:14:30 - INFO - HTTP Request: POST http://localhost:8080/api/auth/jwt/login "HTTP/1.1 204 No Content"
2024-09-16 17:14:30 - INFO - HTTP Request: POST http://localhost:8080/api/auth/register "HTTP/1.1 422 Unprocessable Entity"
2024-09-16 17:14:30 - INFO - HTTP Request: POST http://localhost:8080/api/auth/register "HTTP/1.1 400 Bad Request"
2024-09-16 17:18:09 - INFO - HTTP Request: POST http://localhost:8080/api/auth/register "HTTP/1.1 201 Created"
2024-09-16 17:18:09 - INFO - HTTP Request: POST http://localhost:8080/api/auth/register "HTTP/1.1 400 Bad Request"
2024-09-16 17:18:09 - INFO - HTTP Request: POST http://localhost:8080/api/auth/register "HTTP/1.1 400 Bad Request"
2024-09-16 17:18:09 - INFO - HTTP Request: POST http://localhost:8080/api/auth/jwt/login "HTTP/1.1 204 No Content"
2024-09-16 17:18:09 - INFO - HTTP Request: POST http://localhost:8080/api/auth/register "HTTP/1.1 422 Unprocessable Entity"
2024-09-16 17:18:09 - INFO - HTTP Request: POST http://localhost:8080/api/auth/register "HTTP/1.1 400 Bad Request"
2024-09-16 17:20:15 - INFO - HTTP Request: POST http://localhost:8080/api/auth/jwt/login "HTTP/1.1 204 No Content"
2024-09-16 17:20:15 - INFO - HTTP Request: POST http://localhost:8080/api/auth/register "HTTP/1.1 422 Unprocessable Entity"
2024-09-16 17:20:15 - INFO - HTTP Request: POST http://localhost:8080/api/auth/register "HTTP/1.1 400 Bad Request"
2024-09-16 17:20:15 - INFO - HTTP Request: POST http://localhost:8080/api/auth/jwt/logout "HTTP/1.1 401 Unauthorized"
2024-09-16 17:46:20 - INFO - HTTP Request: POST http://localhost:8080/api/auth/jwt/login "HTTP/1.1 204 No Content"
2024-09-16 17:46:20 - INFO - HTTP Request: POST http://localhost:8080/api/auth/register "HTTP/1.1 422 Unprocessable Entity"
2024-09-16 17:46:20 - INFO - HTTP Request: POST http://localhost:8080/api/auth/register "HTTP/1.1 400 Bad Request"
2024-09-16 17:46:20 - INFO - HTTP Request: POST http://localhost:8080/api/auth/jwt/logout "HTTP/1.1 401 Unauthorized"
